# JRE version: OpenJDK Runtime Environment Temurin-21.0.12.1+1 (21.0.12.1+1) (build 21.0.12.1+1-LTS)
# Java VM: OpenJDK 64-Bit Server VM Temurin-21.0.12.1+1 (21.0.12.1+1-LTS, mixed mode, sharing, tiered, compressed oops, compressed class ptrs, parallel gc, windows-amd64)
GC Precious Log:
 CardTable entry size: 512
 CPUs: 16 total, 16 available
 Memory: 15709M
 Large Page Support: Disabled
 NUMA Support: Disabled
 Compressed Oops: Enabled (32-bit)
 Alignments: Space 512K, Generation 512K, Heap 2M
 Heap Min Capacity: 100M
 Heap Initial Capacity: 100M
 Heap Max Capacity: 2G
 Pre-touch: Disabled
 Parallel Workers: 13
Heap:
 PSYoungGen      total 2560K, used 1970K [0x00000000d5580000, 0x00000000d5900000, 0x0000000100000000)
  eden space 1536K, 77% used [0x00000000d5580000,0x00000000d56a8860,0x00000000d5700000)
  from space 1024K, 76% used [0x00000000d5800000,0x00000000d58c4010,0x00000000d5900000)
  to   space 1024K, 0% used [0x00000000d5700000,0x00000000d5700000,0x00000000d5800000)
 ParOldGen       total 475648K, used 475427K [0x0000000080000000, 0x000000009d080000, 0x00000000d5580000)
  object space 475648K, 99% used [0x0000000080000000,0x000000009d048fd0,0x000000009d080000)
 Metaspace       used 84934K, committed 86784K, reserved 1179648K
  class space    used 9092K, committed 9856K, reserved 1048576K
GC Heap History (20 events):
Event: 496.838 GC heap before
{Heap before GC invocations=438 (full 3):
 PSYoungGen      total 2560K, used 2240K [0x00000000d5580000, 0x00000000d5900000, 0x0000000100000000)
  eden space 1536K, 100% used [0x00000000d5580000,0x00000000d5700000,0x00000000d5700000)
  from space 1024K, 68% used [0x00000000d5800000,0x00000000d58b0010,0x00000000d5900000)
  to   space 1024K, 0% used [0x00000000d5700000,0x00000000d5700000,0x00000000d5800000)
 ParOldGen       total 471040K, used 470610K [0x0000000080000000, 0x000000009cc00000, 0x00000000d5580000)
  object space 471040K, 99% used [0x0000000080000000,0x000000009cb94a48,0x000000009cc00000)
 Metaspace       used 84491K, committed 86400K, reserved 1179648K
  class space    used 9046K, committed 9856K, reserved 1048576K
}
Event: 496.840 GC heap after
{Heap after GC invocations=438 (full 3):
 PSYoungGen      total 2560K, used 576K [0x00000000d5580000, 0x00000000d5900000, 0x0000000100000000)
  eden space 1536K, 0% used [0x00000000d5580000,0x00000000d5580000,0x00000000d5700000)
  from space 1024K, 56% used [0x00000000d5700000,0x00000000d5790000,0x00000000d5800000)
  to   space 1024K, 0% used [0x00000000d5800000,0x00000000d5800000,0x00000000d5900000)
 ParOldGen       total 471552K, used 471138K [0x0000000080000000, 0x000000009cc80000, 0x00000000d5580000)
  object space 471552K, 99% used [0x0000000080000000,0x000000009cc18a58,0x000000009cc80000)
 Metaspace       used 84491K, committed 86400K, reserved 1179648K
  class space    used 9046K, committed 9856K, reserved 1048576K
}
Event: 496.869 GC heap before
{Heap before GC invocations=439 (full 3):
 PSYoungGen      total 2560K, used 2105K [0x00000000d5580000, 0x00000000d5900000, 0x0000000100000000)
  eden space 1536K, 99% used [0x00000000d5580000,0x00000000d56fe580,0x00000000d5700000)
  from space 1024K, 56% used [0x00000000d5700000,0x00000000d5790000,0x00000000d5800000)
  to   space 1024K, 0% used [0x00000000d5800000,0x00000000d5800000,0x00000000d5900000)
 ParOldGen       total 471552K, used 471138K [0x0000000080000000, 0x000000009cc80000, 0x00000000d5580000)
  object space 471552K, 99% used [0x0000000080000000,0x000000009cc18a58,0x000000009cc80000)
 Metaspace       used 84534K, committed 86400K, reserved 1179648K
  class space    used 9047K, committed 9856K, reserved 1048576K
}
Event: 496.873 GC heap after
{Heap after GC invocations=439 (full 3):
 PSYoungGen      total 2560K, used 544K [0x00000000d5580000, 0x00000000d5900000, 0x0000000100000000)
  eden space 1536K, 0% used [0x00000000d5580000,0x00000000d5580000,0x00000000d5700000)
  from space 1024K, 53% used [0x00000000d5800000,0x00000000d5888000,0x00000000d5900000)
  to   space 1024K, 0% used [0x00000000d5700000,0x00000000d5700000,0x00000000d5800000)
 ParOldGen       total 471552K, used 471540K [0x0000000080000000, 0x000000009cc80000, 0x00000000d5580000)
  object space 471552K, 99% used [0x0000000080000000,0x000000009cc7d068,0x000000009cc80000)
 Metaspace       used 84534K, committed 86400K, reserved 1179648K
  class space    used 9047K, committed 9856K, reserved 1048576K
}
Event: 496.912 GC heap before
{Heap before GC invocations=440 (full 3):
 PSYoungGen      total 2560K, used 2080K [0x00000000d5580000, 0x00000000d5900000, 0x0000000100000000)
  eden space 1536K, 100% used [0x00000000d5580000,0x00000000d5700000,0x00000000d5700000)
  from space 1024K, 53% used [0x00000000d5800000,0x00000000d5888000,0x00000000d5900000)
  to   space 1024K, 0% used [0x00000000d5700000,0x00000000d5700000,0x00000000d5800000)
 ParOldGen       total 471552K, used 471540K [0x0000000080000000, 0x000000009cc80000, 0x00000000d5580000)
  object space 471552K, 99% used [0x0000000080000000,0x000000009cc7d068,0x000000009cc80000)
 Metaspace       used 84583K, committed 86464K, reserved 1179648K
  class space    used 9050K, committed 9856K, reserved 1048576K
}
Event: 496.916 GC heap after
{Heap after GC invocations=440 (full 3):
 PSYoungGen      total 2560K, used 512K [0x00000000d5580000, 0x00000000d5900000, 0x0000000100000000)
  eden space 1536K, 0% used [0x00000000d5580000,0x00000000d5580000,0x00000000d5700000)
  from space 1024K, 50% used [0x00000000d5700000,0x00000000d5780000,0x00000000d5800000)
  to   space 1024K, 0% used [0x00000000d5800000,0x00000000d5800000,0x00000000d5900000)
 ParOldGen       total 472064K, used 471888K [0x0000000080000000, 0x000000009cd00000, 0x00000000d5580000)
  object space 472064K, 99% used [0x0000000080000000,0x000000009ccd40c8,0x000000009cd00000)
 Metaspace       used 84583K, committed 86464K, reserved 1179648K
  class space    used 9050K, committed 9856K, reserved 1048576K
}
Event: 496.941 GC heap before
{Heap before GC invocations=441 (full 3):
 PSYoungGen      total 2560K, used 2048K [0x00000000d5580000, 0x00000000d5900000, 0x0000000100000000)
  eden space 1536K, 100% used [0x00000000d5580000,0x00000000d5700000,0x00000000d5700000)
  from space 1024K, 50% used [0x00000000d5700000,0x00000000d5780000,0x00000000d5800000)
  to   space 1024K, 0% used [0x00000000d5800000,0x00000000d5800000,0x00000000d5900000)
 ParOldGen       total 474112K, used 473650K [0x0000000080000000, 0x000000009cf00000, 0x00000000d5580000)
  object space 474112K, 99% used [0x0000000080000000,0x000000009ce8cb18,0x000000009cf00000)
 Metaspace       used 84595K, committed 86464K, reserved 1179648K
  class space    used 9052K, committed 9856K, reserved 1048576K
}
Event: 496.943 GC heap after
{Heap after GC invocations=441 (full 3):
 PSYoungGen      total 2048K, used 416K [0x00000000d5580000, 0x00000000d5880000, 0x0000000100000000)
  eden space 1536K, 0% used [0x00000000d5580000,0x00000000d5580000,0x00000000d5700000)
  from space 512K, 81% used [0x00000000d5800000,0x00000000d5868010,0x00000000d5880000)
  to   space 512K, 0% used [0x00000000d5780000,0x00000000d5780000,0x00000000d5800000)
 ParOldGen       total 474112K, used 473794K [0x0000000080000000, 0x000000009cf00000, 0x00000000d5580000)
  object space 474112K, 99% used [0x0000000080000000,0x000000009ceb0b08,0x000000009cf00000)
 Metaspace       used 84595K, committed 86464K, reserved 1179648K
  class space    used 9052K, committed 9856K, reserved 1048576K
}
Event: 497.008 GC heap before
{Heap before GC invocations=442 (full 3):
 PSYoungGen      total 2048K, used 1952K [0x00000000d5580000, 0x00000000d5880000, 0x0000000100000000)
  eden space 1536K, 100% used [0x00000000d5580000,0x00000000d5700000,0x00000000d5700000)
  from space 512K, 81% used [0x00000000d5800000,0x00000000d5868010,0x00000000d5880000)
  to   space 512K, 0% used [0x00000000d5780000,0x00000000d5780000,0x00000000d5800000)
 ParOldGen       total 474112K, used 473794K [0x0000000080000000, 0x000000009cf00000, 0x00000000d5580000)
  object space 474112K, 99% used [0x0000000080000000,0x000000009ceb0b08,0x000000009cf00000)
 Metaspace       used 84700K, committed 86528K, reserved 1179648K
  class space    used 9074K, committed 9856K, reserved 1048576K
}
Event: 497.009 GC heap after
{Heap after GC invocations=442 (full 3):
 PSYoungGen      total 2048K, used 440K [0x00000000d5580000, 0x00000000d5880000, 0x0000000100000000)
  eden space 1536K, 0% used [0x00000000d5580000,0x00000000d5580000,0x00000000d5700000)
  from space 512K, 86% used [0x00000000d5780000,0x00000000d57ee1e8,0x00000000d5800000)
  to   space 512K, 0% used [0x00000000d5800000,0x00000000d5800000,0x00000000d5880000)
 ParOldGen       total 474112K, used 473994K [0x0000000080000000, 0x000000009cf00000, 0x00000000d5580000)
  object space 474112K, 99% used [0x0000000080000000,0x000000009cee2b18,0x000000009cf00000)
 Metaspace       used 84700K, committed 86528K, reserved 1179648K
  class space    used 9074K, committed 9856K, reserved 1048576K
}
Event: 497.095 GC heap before
{Heap before GC invocations=443 (full 3):
 PSYoungGen      total 2048K, used 1976K [0x00000000d5580000, 0x00000000d5880000, 0x0000000100000000)
  eden space 1536K, 100% used [0x00000000d5580000,0x00000000d5700000,0x00000000d5700000)
  from space 512K, 86% used [0x00000000d5780000,0x00000000d57ee1e8,0x00000000d5800000)
  to   space 512K, 0% used [0x00000000d5800000,0x00000000d5800000,0x00000000d5880000)
 ParOldGen       total 474112K, used 473994K [0x0000000080000000, 0x000000009cf00000, 0x00000000d5580000)
  object space 474112K, 99% used [0x0000000080000000,0x000000009cee2b18,0x000000009cf00000)
 Metaspace       used 84831K, committed 86656K, reserved 1179648K
  class space    used 9092K, committed 9856K, reserved 1048576K
}
Event: 497.096 GC heap after
{Heap after GC invocations=443 (full 3):
 PSYoungGen      total 2048K, used 384K [0x00000000d5580000, 0x00000000d5880000, 0x0000000100000000)
  eden space 1536K, 0% used [0x00000000d5580000,0x00000000d5580000,0x00000000d5700000)
  from space 512K, 75% used [0x00000000d5800000,0x00000000d5860000,0x00000000d5880000)
  to   space 512K, 0% used [0x00000000d5780000,0x00000000d5780000,0x00000000d5800000)
 ParOldGen       total 474624K, used 474147K [0x0000000080000000, 0x000000009cf80000, 0x00000000d5580000)
  object space 474624K, 99% used [0x0000000080000000,0x000000009cf08d00,0x000000009cf80000)
 Metaspace       used 84831K, committed 86656K, reserved 1179648K
  class space    used 9092K, committed 9856K, reserved 1048576K
}
Event: 499.245 GC heap before
{Heap before GC invocations=444 (full 3):
 PSYoungGen      total 2048K, used 1891K [0x00000000d5580000, 0x00000000d5880000, 0x0000000100000000)
  eden space 1536K, 98% used [0x00000000d5580000,0x00000000d56f8e80,0x00000000d5700000)
  from space 512K, 75% used [0x00000000d5800000,0x00000000d5860000,0x00000000d5880000)
  to   space 512K, 0% used [0x00000000d5780000,0x00000000d5780000,0x00000000d5800000)
 ParOldGen       total 474624K, used 474147K [0x0000000080000000, 0x000000009cf80000, 0x00000000d5580000)
  object space 474624K, 99% used [0x0000000080000000,0x000000009cf08d00,0x000000009cf80000)
 Metaspace       used 84853K, committed 86720K, reserved 1179648K
  class space    used 9092K, committed 9856K, reserved 1048576K
}
Event: 499.246 GC heap after
{Heap after GC invocations=444 (full 3):
 PSYoungGen      total 2048K, used 384K [0x00000000d5580000, 0x00000000d5880000, 0x0000000100000000)
  eden space 1536K, 0% used [0x00000000d5580000,0x00000000d5580000,0x00000000d5700000)
  from space 512K, 75% used [0x00000000d5780000,0x00000000d57e0000,0x00000000d5800000)
  to   space 512K, 0% used [0x00000000d5800000,0x00000000d5800000,0x00000000d5880000)
 ParOldGen       total 474624K, used 474243K [0x0000000080000000, 0x000000009cf80000, 0x00000000d5580000)
  object space 474624K, 99% used [0x0000000080000000,0x000000009cf20d00,0x000000009cf80000)
 Metaspace       used 84853K, committed 86720K, reserved 1179648K
  class space    used 9092K, committed 9856K, reserved 1048576K
}
Event: 499.666 GC heap before
{Heap before GC invocations=445 (full 3):
 PSYoungGen      total 2048K, used 1920K [0x00000000d5580000, 0x00000000d5880000, 0x0000000100000000)
  eden space 1536K, 100% used [0x00000000d5580000,0x00000000d5700000,0x00000000d5700000)
  from space 512K, 75% used [0x00000000d5780000,0x00000000d57e0000,0x00000000d5800000)
  to   space 512K, 0% used [0x00000000d5800000,0x00000000d5800000,0x00000000d5880000)
 ParOldGen       total 474624K, used 474243K [0x0000000080000000, 0x000000009cf80000, 0x00000000d5580000)
  object space 474624K, 99% used [0x0000000080000000,0x000000009cf20d00,0x000000009cf80000)
 Metaspace       used 84873K, committed 86720K, reserved 1179648K
  class space    used 9092K, committed 9856K, reserved 1048576K
}
Event: 499.667 GC heap after
{Heap after GC invocations=445 (full 3):
 PSYoungGen      total 2048K, used 480K [0x00000000d5580000, 0x00000000d5900000, 0x0000000100000000)
  eden space 1536K, 0% used [0x00000000d5580000,0x00000000d5580000,0x00000000d5700000)
  from space 512K, 93% used [0x00000000d5800000,0x00000000d5878020,0x00000000d5880000)
  to   space 1024K, 0% used [0x00000000d5700000,0x00000000d5700000,0x00000000d5800000)
 ParOldGen       total 474624K, used 474386K [0x0000000080000000, 0x000000009cf80000, 0x00000000d5580000)
  object space 474624K, 99% used [0x0000000080000000,0x000000009cf44bc8,0x000000009cf80000)
 Metaspace       used 84873K, committed 86720K, reserved 1179648K
  class space    used 9092K, committed 9856K, reserved 1048576K
}
Event: 499.688 GC heap before
{Heap before GC invocations=446 (full 3):
 PSYoungGen      total 2048K, used 2016K [0x00000000d5580000, 0x00000000d5900000, 0x0000000100000000)
  eden space 1536K, 100% used [0x00000000d5580000,0x00000000d5700000,0x00000000d5700000)
  from space 512K, 93% used [0x00000000d5800000,0x00000000d5878020,0x00000000d5880000)
  to   space 1024K, 0% used [0x00000000d5700000,0x00000000d5700000,0x00000000d5800000)
 ParOldGen       total 474624K, used 474386K [0x0000000080000000, 0x000000009cf80000, 0x00000000d5580000)
  object space 474624K, 99% used [0x0000000080000000,0x000000009cf44bc8,0x000000009cf80000)
 Metaspace       used 84890K, committed 86720K, reserved 1179648K
  class space    used 9092K, committed 9856K, reserved 1048576K
}
Event: 499.690 GC heap after
{Heap after GC invocations=446 (full 3):
 PSYoungGen      total 2560K, used 768K [0x00000000d5580000, 0x00000000d5900000, 0x0000000100000000)
  eden space 1536K, 0% used [0x00000000d5580000,0x00000000d5580000,0x00000000d5700000)
  from space 1024K, 75% used [0x00000000d5700000,0x00000000d57c0000,0x00000000d5800000)
  to   space 1024K, 0% used [0x00000000d5800000,0x00000000d5800000,0x00000000d5900000)
 ParOldGen       total 475136K, used 474875K [0x0000000080000000, 0x000000009d000000, 0x00000000d5580000)
  object space 475136K, 99% used [0x0000000080000000,0x000000009cfbefd0,0x000000009d000000)
 Metaspace       used 84890K, committed 86720K, reserved 1179648K
  class space    used 9092K, committed 9856K, reserved 1048576K
}
Event: 499.700 GC heap before
{Heap before GC invocations=447 (full 3):
 PSYoungGen      total 2560K, used 2304K [0x00000000d5580000, 0x00000000d5900000, 0x0000000100000000)
  eden space 1536K, 100% used [0x00000000d5580000,0x00000000d5700000,0x00000000d5700000)
  from space 1024K, 75% used [0x00000000d5700000,0x00000000d57c0000,0x00000000d5800000)
  to   space 1024K, 0% used [0x00000000d5800000,0x00000000d5800000,0x00000000d5900000)
 ParOldGen       total 475136K, used 474875K [0x0000000080000000, 0x000000009d000000, 0x00000000d5580000)
  object space 475136K, 99% used [0x0000000080000000,0x000000009cfbefd0,0x000000009d000000)
 Metaspace       used 84896K, committed 86720K, reserved 1179648K
  class space    used 9092K, committed 9856K, reserved 1048576K
}
Event: 499.702 GC heap after
{Heap after GC invocations=447 (full 3):
 PSYoungGen      total 2560K, used 784K [0x00000000d5580000, 0x00000000d5900000, 0x0000000100000000)
  eden space 1536K, 0% used [0x00000000d5580000,0x00000000d5580000,0x00000000d5700000)
  from space 1024K, 76% used [0x00000000d5800000,0x00000000d58c4010,0x00000000d5900000)
  to   space 1024K, 0% used [0x00000000d5700000,0x00000000d5700000,0x00000000d5800000)
 ParOldGen       total 475648K, used 475427K [0x0000000080000000, 0x000000009d080000, 0x00000000d5580000)
  object space 475648K, 99% used [0x0000000080000000,0x000000009d048fd0,0x000000009d080000)
 Metaspace       used 84896K, committed 86720K, reserved 1179648K
  class space    used 9092K, committed 9856K, reserved 1048576K
}

