# JRE version: OpenJDK Runtime Environment Temurin-21.0.12.1+1 (21.0.12.1+1) (build 21.0.12.1+1-LTS)
# Java VM: OpenJDK 64-Bit Server VM Temurin-21.0.12.1+1 (21.0.12.1+1-LTS, mixed mode, sharing, tiered, compressed oops, compressed class ptrs, parallel gc, windows-amd64)
GC Precious Log:
 CardTable entry size: 512
 CPUs: 16 total, 16 available
 Memory: 15709M
 Large Page Support: Disabled
 NUMA Support: Disabled
 Compressed Oops: Enabled (32-bit)
 Alignments: Space 512K, Generation 512K, Heap 2M
 Heap Min Capacity: 100M
 Heap Initial Capacity: 100M
 Heap Max Capacity: 2G
 Pre-touch: Disabled
 Parallel Workers: 13
Heap:
 PSYoungGen      total 23552K, used 10952K [0x00000000d5580000, 0x00000000d7100000, 0x0000000100000000)
  eden space 22016K, 43% used [0x00000000d5580000,0x00000000d5ec2060,0x00000000d6b00000)
  from space 1536K, 95% used [0x00000000d6c80000,0x00000000d6df0020,0x00000000d6e00000)
  to   space 2560K, 0% used [0x00000000d6e80000,0x00000000d6e80000,0x00000000d7100000)
 ParOldGen       total 68608K, used 42476K [0x0000000080000000, 0x0000000084300000, 0x00000000d5580000)
  object space 68608K, 61% used [0x0000000080000000,0x000000008297b098,0x0000000084300000)
 Metaspace       used 46139K, committed 47232K, reserved 1114112K
  class space    used 4612K, committed 5120K, reserved 1048576K
GC Heap History (20 events):
Event: 6.548 GC heap before
{Heap before GC invocations=16 (full 2):
 PSYoungGen      total 25088K, used 25058K [0x00000000d5580000, 0x00000000d7580000, 0x0000000100000000)
  eden space 22528K, 100% used [0x00000000d5580000,0x00000000d6b80000,0x00000000d6b80000)
  from space 2560K, 98% used [0x00000000d6d80000,0x00000000d6ff8810,0x00000000d7000000)
  to   space 5120K, 0% used [0x00000000d7080000,0x00000000d7080000,0x00000000d7580000)
 ParOldGen       total 68608K, used 19208K [0x0000000080000000, 0x0000000084300000, 0x00000000d5580000)
  object space 68608K, 27% used [0x0000000080000000,0x00000000812c2010,0x0000000084300000)
 Metaspace       used 35623K, committed 36672K, reserved 1114112K
  class space    used 3701K, committed 4160K, reserved 1048576K
}
Event: 6.551 GC heap after
{Heap after GC invocations=16 (full 2):
 PSYoungGen      total 24576K, used 2436K [0x00000000d5580000, 0x00000000d7300000, 0x0000000100000000)
  eden space 22016K, 0% used [0x00000000d5580000,0x00000000d5580000,0x00000000d6b00000)
  from space 2560K, 95% used [0x00000000d7080000,0x00000000d72e1000,0x00000000d7300000)
  to   space 3584K, 0% used [0x00000000d6c00000,0x00000000d6c00000,0x00000000d6f80000)
 ParOldGen       total 68608K, used 21624K [0x0000000080000000, 0x0000000084300000, 0x00000000d5580000)
  object space 68608K, 31% used [0x0000000080000000,0x000000008151e020,0x0000000084300000)
 Metaspace       used 35623K, committed 36672K, reserved 1114112K
  class space    used 3701K, committed 4160K, reserved 1048576K
}
Event: 6.667 GC heap before
{Heap before GC invocations=17 (full 2):
 PSYoungGen      total 24576K, used 24452K [0x00000000d5580000, 0x00000000d7300000, 0x0000000100000000)
  eden space 22016K, 100% used [0x00000000d5580000,0x00000000d6b00000,0x00000000d6b00000)
  from space 2560K, 95% used [0x00000000d7080000,0x00000000d72e1000,0x00000000d7300000)
  to   space 3584K, 0% used [0x00000000d6c00000,0x00000000d6c00000,0x00000000d6f80000)
 ParOldGen       total 68608K, used 21624K [0x0000000080000000, 0x0000000084300000, 0x00000000d5580000)
  object space 68608K, 31% used [0x0000000080000000,0x000000008151e020,0x0000000084300000)
 Metaspace       used 35785K, committed 36800K, reserved 1114112K
  class space    used 3711K, committed 4160K, reserved 1048576K
}
Event: 6.671 GC heap after
{Heap after GC invocations=17 (full 2):
 PSYoungGen      total 24576K, used 2272K [0x00000000d5580000, 0x00000000d7100000, 0x0000000100000000)
  eden space 22016K, 0% used [0x00000000d5580000,0x00000000d5580000,0x00000000d6b00000)
  from space 2560K, 88% used [0x00000000d6c00000,0x00000000d6e38000,0x00000000d6e80000)
  to   space 2560K, 0% used [0x00000000d6e80000,0x00000000d6e80000,0x00000000d7100000)
 ParOldGen       total 68608K, used 23869K [0x0000000080000000, 0x0000000084300000, 0x00000000d5580000)
  object space 68608K, 34% used [0x0000000080000000,0x000000008174f648,0x0000000084300000)
 Metaspace       used 35785K, committed 36800K, reserved 1114112K
  class space    used 3711K, committed 4160K, reserved 1048576K
}
Event: 6.815 GC heap before
{Heap before GC invocations=18 (full 2):
 PSYoungGen      total 24576K, used 24288K [0x00000000d5580000, 0x00000000d7100000, 0x0000000100000000)
  eden space 22016K, 100% used [0x00000000d5580000,0x00000000d6b00000,0x00000000d6b00000)
  from space 2560K, 88% used [0x00000000d6c00000,0x00000000d6e38000,0x00000000d6e80000)
  to   space 2560K, 0% used [0x00000000d6e80000,0x00000000d6e80000,0x00000000d7100000)
 ParOldGen       total 68608K, used 23869K [0x0000000080000000, 0x0000000084300000, 0x00000000d5580000)
  object space 68608K, 34% used [0x0000000080000000,0x000000008174f648,0x0000000084300000)
 Metaspace       used 36087K, committed 37120K, reserved 1114112K
  class space    used 3722K, committed 4160K, reserved 1048576K
}
Event: 6.820 GC heap after
{Heap after GC invocations=18 (full 2):
 PSYoungGen      total 24576K, used 2528K [0x00000000d5580000, 0x00000000d7100000, 0x0000000100000000)
  eden space 22016K, 0% used [0x00000000d5580000,0x00000000d5580000,0x00000000d6b00000)
  from space 2560K, 98% used [0x00000000d6e80000,0x00000000d70f8210,0x00000000d7100000)
  to   space 3072K, 0% used [0x00000000d6b00000,0x00000000d6b00000,0x00000000d6e00000)
 ParOldGen       total 68608K, used 25965K [0x0000000080000000, 0x0000000084300000, 0x00000000d5580000)
  object space 68608K, 37% used [0x0000000080000000,0x000000008195b648,0x0000000084300000)
 Metaspace       used 36087K, committed 37120K, reserved 1114112K
  class space    used 3722K, committed 4160K, reserved 1048576K
}
Event: 6.999 GC heap before
{Heap before GC invocations=19 (full 2):
 PSYoungGen      total 24576K, used 24501K [0x00000000d5580000, 0x00000000d7100000, 0x0000000100000000)
  eden space 22016K, 99% used [0x00000000d5580000,0x00000000d6af5290,0x00000000d6b00000)
  from space 2560K, 98% used [0x00000000d6e80000,0x00000000d70f8210,0x00000000d7100000)
  to   space 3072K, 0% used [0x00000000d6b00000,0x00000000d6b00000,0x00000000d6e00000)
 ParOldGen       total 68608K, used 26029K [0x0000000080000000, 0x0000000084300000, 0x00000000d5580000)
  object space 68608K, 37% used [0x0000000080000000,0x000000008196b658,0x0000000084300000)
 Metaspace       used 37290K, committed 38272K, reserved 1114112K
  class space    used 3800K, committed 4224K, reserved 1048576K
}
Event: 7.004 GC heap after
{Heap after GC invocations=19 (full 2):
 PSYoungGen      total 25088K, used 3053K [0x00000000d5580000, 0x00000000d7900000, 0x0000000100000000)
  eden space 22016K, 0% used [0x00000000d5580000,0x00000000d5580000,0x00000000d6b00000)
  from space 3072K, 99% used [0x00000000d6b00000,0x00000000d6dfb510,0x00000000d6e00000)
  to   space 7168K, 0% used [0x00000000d7200000,0x00000000d7200000,0x00000000d7900000)
 ParOldGen       total 68608K, used 29310K [0x0000000080000000, 0x0000000084300000, 0x00000000d5580000)
  object space 68608K, 42% used [0x0000000080000000,0x0000000081c9f878,0x0000000084300000)
 Metaspace       used 37290K, committed 38272K, reserved 1114112K
  class space    used 3800K, committed 4224K, reserved 1048576K
}
Event: 7.415 GC heap before
{Heap before GC invocations=20 (full 2):
 PSYoungGen      total 25088K, used 25069K [0x00000000d5580000, 0x00000000d7900000, 0x0000000100000000)
  eden space 22016K, 100% used [0x00000000d5580000,0x00000000d6b00000,0x00000000d6b00000)
  from space 3072K, 99% used [0x00000000d6b00000,0x00000000d6dfb510,0x00000000d6e00000)
  to   space 7168K, 0% used [0x00000000d7200000,0x00000000d7200000,0x00000000d7900000)
 ParOldGen       total 68608K, used 29482K [0x0000000080000000, 0x0000000084300000, 0x00000000d5580000)
  object space 68608K, 42% used [0x0000000080000000,0x0000000081cca9e0,0x0000000084300000)
 Metaspace       used 38841K, committed 39872K, reserved 1114112K
  class space    used 3936K, committed 4352K, reserved 1048576K
}
Event: 7.421 GC heap after
{Heap after GC invocations=20 (full 2):
 PSYoungGen      total 24576K, used 2368K [0x00000000d5580000, 0x00000000d7480000, 0x0000000100000000)
  eden space 22016K, 0% used [0x00000000d5580000,0x00000000d5580000,0x00000000d6b00000)
  from space 2560K, 92% used [0x00000000d7200000,0x00000000d7450370,0x00000000d7480000)
  to   space 4096K, 0% used [0x00000000d6c80000,0x00000000d6c80000,0x00000000d7080000)
 ParOldGen       total 68608K, used 32499K [0x0000000080000000, 0x0000000084300000, 0x00000000d5580000)
  object space 68608K, 47% used [0x0000000080000000,0x0000000081fbce58,0x0000000084300000)
 Metaspace       used 38841K, committed 39872K, reserved 1114112K
  class space    used 3936K, committed 4352K, reserved 1048576K
}
Event: 7.524 GC heap before
{Heap before GC invocations=21 (full 2):
 PSYoungGen      total 24576K, used 24379K [0x00000000d5580000, 0x00000000d7480000, 0x0000000100000000)
  eden space 22016K, 99% used [0x00000000d5580000,0x00000000d6afebb8,0x00000000d6b00000)
  from space 2560K, 92% used [0x00000000d7200000,0x00000000d7450370,0x00000000d7480000)
  to   space 4096K, 0% used [0x00000000d6c80000,0x00000000d6c80000,0x00000000d7080000)
 ParOldGen       total 68608K, used 32499K [0x0000000080000000, 0x0000000084300000, 0x00000000d5580000)
  object space 68608K, 47% used [0x0000000080000000,0x0000000081fbce58,0x0000000084300000)
 Metaspace       used 38854K, committed 39872K, reserved 1114112K
  class space    used 3936K, committed 4352K, reserved 1048576K
}
Event: 7.526 GC heap after
{Heap after GC invocations=21 (full 2):
 PSYoungGen      total 26112K, used 461K [0x00000000d5580000, 0x00000000d7280000, 0x0000000100000000)
  eden space 22016K, 0% used [0x00000000d5580000,0x00000000d5580000,0x00000000d6b00000)
  from space 4096K, 11% used [0x00000000d6c80000,0x00000000d6cf36d0,0x00000000d7080000)
  to   space 1536K, 0% used [0x00000000d7100000,0x00000000d7100000,0x00000000d7280000)
 ParOldGen       total 68608K, used 34851K [0x0000000080000000, 0x0000000084300000, 0x00000000d5580000)
  object space 68608K, 50% used [0x0000000080000000,0x0000000082208f00,0x0000000084300000)
 Metaspace       used 38854K, committed 39872K, reserved 1114112K
  class space    used 3936K, committed 4352K, reserved 1048576K
}
Event: 8.124 GC heap before
{Heap before GC invocations=22 (full 2):
 PSYoungGen      total 26112K, used 22464K [0x00000000d5580000, 0x00000000d7280000, 0x0000000100000000)
  eden space 22016K, 99% used [0x00000000d5580000,0x00000000d6afca60,0x00000000d6b00000)
  from space 4096K, 11% used [0x00000000d6c80000,0x00000000d6cf36d0,0x00000000d7080000)
  to   space 1536K, 0% used [0x00000000d7100000,0x00000000d7100000,0x00000000d7280000)
 ParOldGen       total 68608K, used 34851K [0x0000000080000000, 0x0000000084300000, 0x00000000d5580000)
  object space 68608K, 50% used [0x0000000080000000,0x0000000082208f00,0x0000000084300000)
 Metaspace       used 41673K, committed 42624K, reserved 1114112K
  class space    used 4201K, committed 4608K, reserved 1048576K
}
Event: 8.126 GC heap after
{Heap after GC invocations=22 (full 2):
 PSYoungGen      total 23552K, used 1404K [0x00000000d5580000, 0x00000000d7280000, 0x0000000100000000)
  eden space 22016K, 0% used [0x00000000d5580000,0x00000000d5580000,0x00000000d6b00000)
  from space 1536K, 91% used [0x00000000d7100000,0x00000000d725f128,0x00000000d7280000)
  to   space 2048K, 0% used [0x00000000d6e80000,0x00000000d6e80000,0x00000000d7080000)
 ParOldGen       total 68608K, used 34883K [0x0000000080000000, 0x0000000084300000, 0x00000000d5580000)
  object space 68608K, 50% used [0x0000000080000000,0x0000000082210f00,0x0000000084300000)
 Metaspace       used 41673K, committed 42624K, reserved 1114112K
  class space    used 4201K, committed 4608K, reserved 1048576K
}
Event: 8.756 GC heap before
{Heap before GC invocations=23 (full 2):
 PSYoungGen      total 23552K, used 23420K [0x00000000d5580000, 0x00000000d7280000, 0x0000000100000000)
  eden space 22016K, 100% used [0x00000000d5580000,0x00000000d6b00000,0x00000000d6b00000)
  from space 1536K, 91% used [0x00000000d7100000,0x00000000d725f128,0x00000000d7280000)
  to   space 2048K, 0% used [0x00000000d6e80000,0x00000000d6e80000,0x00000000d7080000)
 ParOldGen       total 68608K, used 34883K [0x0000000080000000, 0x0000000084300000, 0x00000000d5580000)
  object space 68608K, 50% used [0x0000000080000000,0x0000000082210f00,0x0000000084300000)
 Metaspace       used 43888K, committed 45056K, reserved 1114112K
  class space    used 4468K, committed 4992K, reserved 1048576K
}
Event: 8.760 GC heap after
{Heap after GC invocations=23 (full 2):
 PSYoungGen      total 24064K, used 2016K [0x00000000d5580000, 0x00000000d7500000, 0x0000000100000000)
  eden space 22016K, 0% used [0x00000000d5580000,0x00000000d5580000,0x00000000d6b00000)
  from space 2048K, 98% used [0x00000000d6e80000,0x00000000d70783d0,0x00000000d7080000)
  to   space 4608K, 0% used [0x00000000d7080000,0x00000000d7080000,0x00000000d7500000)
 ParOldGen       total 68608K, used 37262K [0x0000000080000000, 0x0000000084300000, 0x00000000d5580000)
  object space 68608K, 54% used [0x0000000080000000,0x0000000082463a58,0x0000000084300000)
 Metaspace       used 43888K, committed 45056K, reserved 1114112K
  class space    used 4468K, committed 4992K, reserved 1048576K
}
Event: 9.359 GC heap before
{Heap before GC invocations=24 (full 2):
 PSYoungGen      total 24064K, used 24032K [0x00000000d5580000, 0x00000000d7500000, 0x0000000100000000)
  eden space 22016K, 100% used [0x00000000d5580000,0x00000000d6b00000,0x00000000d6b00000)
  from space 2048K, 98% used [0x00000000d6e80000,0x00000000d70783d0,0x00000000d7080000)
  to   space 4608K, 0% used [0x00000000d7080000,0x00000000d7080000,0x00000000d7500000)
 ParOldGen       total 68608K, used 37262K [0x0000000080000000, 0x0000000084300000, 0x00000000d5580000)
  object space 68608K, 54% used [0x0000000080000000,0x0000000082463a58,0x0000000084300000)
 Metaspace       used 45240K, committed 46464K, reserved 1114112K
  class space    used 4578K, committed 5120K, reserved 1048576K
}
Event: 9.364 GC heap after
{Heap after GC invocations=24 (full 2):
 PSYoungGen      total 26112K, used 3597K [0x00000000d5580000, 0x00000000d7480000, 0x0000000100000000)
  eden space 22016K, 0% used [0x00000000d5580000,0x00000000d5580000,0x00000000d6b00000)
  from space 4096K, 87% used [0x00000000d7080000,0x00000000d7403718,0x00000000d7480000)
  to   space 4096K, 0% used [0x00000000d6c80000,0x00000000d6c80000,0x00000000d7080000)
 ParOldGen       total 68608K, used 39212K [0x0000000080000000, 0x0000000084300000, 0x00000000d5580000)
  object space 68608K, 57% used [0x0000000080000000,0x000000008264b338,0x0000000084300000)
 Metaspace       used 45240K, committed 46464K, reserved 1114112K
  class space    used 4578K, committed 5120K, reserved 1048576K
}
Event: 9.896 GC heap before
{Heap before GC invocations=25 (full 2):
 PSYoungGen      total 26112K, used 25613K [0x00000000d5580000, 0x00000000d7480000, 0x0000000100000000)
  eden space 22016K, 100% used [0x00000000d5580000,0x00000000d6b00000,0x00000000d6b00000)
  from space 4096K, 87% used [0x00000000d7080000,0x00000000d7403718,0x00000000d7480000)
  to   space 4096K, 0% used [0x00000000d6c80000,0x00000000d6c80000,0x00000000d7080000)
 ParOldGen       total 68608K, used 39212K [0x0000000080000000, 0x0000000084300000, 0x00000000d5580000)
  object space 68608K, 57% used [0x0000000080000000,0x000000008264b338,0x0000000084300000)
 Metaspace       used 45878K, committed 47040K, reserved 1114112K
  class space    used 4605K, committed 5120K, reserved 1048576K
}
Event: 9.900 GC heap after
{Heap after GC invocations=25 (full 2):
 PSYoungGen      total 23552K, used 1472K [0x00000000d5580000, 0x00000000d7100000, 0x0000000100000000)
  eden space 22016K, 0% used [0x00000000d5580000,0x00000000d5580000,0x00000000d6b00000)
  from space 1536K, 95% used [0x00000000d6c80000,0x00000000d6df0020,0x00000000d6e00000)
  to   space 2560K, 0% used [0x00000000d6e80000,0x00000000d6e80000,0x00000000d7100000)
 ParOldGen       total 68608K, used 42476K [0x0000000080000000, 0x0000000084300000, 0x00000000d5580000)
  object space 68608K, 61% used [0x0000000080000000,0x000000008297b098,0x0000000084300000)
 Metaspace       used 45878K, committed 47040K, reserved 1114112K
  class space    used 4605K, committed 5120K, reserved 1048576K
}

